Arguments: 
  C:\Program Files\nodejs\node.exe C:\Program Files (x86)\Yarn\bin\yarn.js add @material/textField

PATH: 
  C:\Program Files (x86)\Common Files\Oracle\Java\javapath;C:\ProgramData\Oracle\Java\javapath;C:\WINDOWS\system32;C:\WINDOWS;C:\WINDOWS\System32\Wbem;C:\WINDOWS\System32\WindowsPowerShell\v1.0\;C:\Program Files\Microsoft SQL Server\Client SDK\ODBC\110\Tools\Binn\;C:\ProgramData\chocolatey\bin;C:\Program Files\Redis\;C:\WINDOWS\System32\OpenSSH\;C:\Program Files\Git\cmd;C:\Program Files\nodejs\;C:\Program Files\Microsoft SQL Server\Client SDK\ODBC\130\Tools\Binn\;C:\Program Files (x86)\Microsoft SQL Server\140\Tools\Binn\;C:\Program Files\Microsoft SQL Server\140\Tools\Binn\;C:\Program Files\Microsoft SQL Server\140\DTS\Binn\;C:\Program Files (x86)\Microsoft SQL Server\Client SDK\ODBC\130\Tools\Binn\;C:\Program Files (x86)\Microsoft SQL Server\140\DTS\Binn\;C:\Program Files (x86)\Microsoft SQL Server\140\Tools\Binn\ManagementStudio\;C:\Program Files (x86)\Yarn\bin\;C:\Program Files\dotnet\;C:\Program Files\Microsoft SQL Server\130\Tools\Binn\;C:\Program Files\Microsoft\Web Platform Installer\;C:\Program Files (x86)\Elm\0.19\bin;C:\Users\achut.cherukuri\AppData\Local\Microsoft\WindowsApps;;C:\Users\achut.cherukuri\AppData\Local\Programs\Microsoft VS Code\bin;C:\Users\achut.cherukuri\AppData\Roaming\npm;C:\Users\achut.cherukuri\AppData\Local\Yarn\bin

Yarn version: 
  1.10.1

Node version: 
  8.11.4

Platform: 
  win32 x64

Trace: 
  Error: https://registry.npmjs.org/@material%2ftextField: Not found
      at Request.params.callback [as _callback] (C:\Program Files (x86)\Yarn\lib\cli.js:60182:18)
      at Request.self.callback (C:\Program Files (x86)\Yarn\lib\cli.js:120166:22)
      at emitTwo (events.js:126:13)
      at Request.emit (events.js:214:7)
      at Request.<anonymous> (C:\Program Files (x86)\Yarn\lib\cli.js:121138:10)
      at emitOne (events.js:116:13)
      at Request.emit (events.js:211:7)
      at IncomingMessage.<anonymous> (C:\Program Files (x86)\Yarn\lib\cli.js:121060:12)
      at Object.onceWrapper (events.js:313:30)
      at emitNone (events.js:111:20)

npm manifest: 
  {
    "dependencies": {
      "@material/button": "^0.42.0"
    }
  }

yarn manifest: 
  No manifest

Lockfile: 
  # THIS IS AN AUTOGENERATED FILE. DO NOT EDIT THIS FILE DIRECTLY.
  # yarn lockfile v1
  
  
  "@material/animation@^0.41.0":
    version "0.41.0"
    resolved "https://registry.yarnpkg.com/@material/animation/-/animation-0.41.0.tgz#315b45b32e1aeebee8a4cf555b8ad52076d09ddd"
    integrity sha512-yYAwJbX3Q2AFd4dr6IYOsWLQy2HN8zWOFVl9AbUXunjzTfJCa/ecfXCriaT6qkmoNoHeTdJHRrsQJZC5GsPvzA==
  
  "@material/base@^0.41.0":
    version "0.41.0"
    resolved "https://registry.yarnpkg.com/@material/base/-/base-0.41.0.tgz#badadce711b4c25b1eb889a5e7581e32cd07c421"
    integrity sha512-tEyzwBRu3d1H120SfKsDVYZHcqT5lKohh/7cWKR93aAaPDkSvjpKJIjyu2yuSkjpDduVZGzVocYbOvhUKhhzXQ==
  
  "@material/button@^0.42.0":
    version "0.42.0"
    resolved "https://registry.yarnpkg.com/@material/button/-/button-0.42.0.tgz#564df61bfcf4a7acc890992e5c8d122450b8fa27"
    integrity sha512-sX5FXkSs9VwIPFsUkdg7DixIwzff6GGOPEaTeDflu0f8GApkaj0rANoqlRdZbcRLLyruD7hIlp7jS0DpQqsIpQ==
    dependencies:
      "@material/elevation" "^0.41.0"
      "@material/ripple" "^0.42.0"
      "@material/rtl" "^0.42.0"
      "@material/shape" "^0.42.0"
      "@material/theme" "^0.41.0"
      "@material/typography" "^0.42.0"
  
  "@material/elevation@^0.41.0":
    version "0.41.0"
    resolved "https://registry.yarnpkg.com/@material/elevation/-/elevation-0.41.0.tgz#db6b75ea43354fe35936cba2d78c55390faf4e9e"
    integrity sha512-ZtZS8z5ie9c7Cx5PVudgSorGYa0C3lu3dA+Nn6qJdhGUokl01msh54NfNuwk+EZsk65bNRRqw1Td/63TCbKIzg==
    dependencies:
      "@material/animation" "^0.41.0"
      "@material/theme" "^0.41.0"
  
  "@material/ripple@^0.42.0":
    version "0.42.0"
    resolved "https://registry.yarnpkg.com/@material/ripple/-/ripple-0.42.0.tgz#3ff501badfb81c76b1e51e6790217c2f32b57cdc"
    integrity sha512-wAVrppOjpvFJAeLL0hlTKRyTR9AJNHo5MzaKGrXqeq9Vt5exSk/ML9y5THE/SHwrJoF0sOWHgP9HEYi7opF6YA==
    dependencies:
      "@material/animation" "^0.41.0"
      "@material/base" "^0.41.0"
      "@material/theme" "^0.41.0"
  
  "@material/rtl@^0.42.0":
    version "0.42.0"
    resolved "https://registry.yarnpkg.com/@material/rtl/-/rtl-0.42.0.tgz#1836e78186c2d8b996f6fbf97adab203535335bc"
    integrity sha512-VrnrKJzhmspsN8WXHuxxBZ69yM5IwhCUqWr1t1eNfw3ZEvEj7i1g3P31HGowKThIN1dc1Wh4LE14rCISWCtv5w==
  
  "@material/shape@^0.42.0":
    version "0.42.0"
    resolved "https://registry.yarnpkg.com/@material/shape/-/shape-0.42.0.tgz#784e117401ac5fe5f49411c34c86e62accb0f534"
    integrity sha512-E38QqeRoGLO38TOJT69rCBLJBnnXQ6Cmm/crjjl3TaLmqD17GiEJgPXzBdJ11lszBStSqR/gUXQX7P97LYruLw==
  
  "@material/theme@^0.41.0":
    version "0.41.0"
    resolved "https://registry.yarnpkg.com/@material/theme/-/theme-0.41.0.tgz#4f8252a872b17845cc661b867cbbf54e51a26759"
    integrity sha512-ohW2JxObKOWvP34EkIIcrEVtL3g0Gs/T3/MdOsM36euyshY8Jwl1f6fjVUQvVjSpixUtSb30/+ulblF8fTOwBg==
  
  "@material/typography@^0.42.0":
    version "0.42.0"
    resolved "https://registry.yarnpkg.com/@material/typography/-/typography-0.42.0.tgz#ccb36c18bd1c8911c207872e575fafc845309162"
    integrity sha512-HgjRfmunrW8qqB0xC6AQNAQVIq19WUeRoimUf8ytf12Rq1oNG///6bnr86OI9+Q1EpeF822efZP4XPLUPb8kJw==
